This is pdfTeX, Version 3.1415926-2.4-1.40.13 (TeX Live 2012) (format=pdflatex 2012.6.30)  3 MAY 2013 15:29
entering extended mode
 restricted \write18 enabled.
 file:line:error style messages enabled.
 %&-line parsing enabled.
**report.tex
(./report.tex
LaTeX2e <2011/06/27>
Babel <v3.8m> and hyphenation patterns for english, dumylang, nohyphenation, ge
rman-x-2012-05-30, ngerman-x-2012-05-30, afrikaans, ancientgreek, ibycus, arabi
c, armenian, basque, bulgarian, catalan, pinyin, coptic, croatian, czech, danis
h, dutch, ukenglish, usenglishmax, esperanto, estonian, ethiopic, farsi, finnis
h, french, friulan, galician, german, ngerman, swissgerman, monogreek, greek, h
ungarian, icelandic, assamese, bengali, gujarati, hindi, kannada, malayalam, ma
rathi, oriya, panjabi, tamil, telugu, indonesian, interlingua, irish, italian, 
kurmanji, latin, latvian, lithuanian, mongolian, mongolianlmc, bokmal, nynorsk,
 polish, portuguese, romanian, romansh, russian, sanskrit, serbian, serbianc, s
lovak, slovenian, spanish, swedish, turkish, turkmen, ukrainian, uppersorbian, 
welsh, loaded.
(/usr/local/texlive/2012/texmf-dist/tex/latex/amscls/amsart.cls
Document Class: amsart 2009/07/02 v2.20.1
\linespacing=\dimen102
\normalparindent=\dimen103
\normaltopskip=\skip41
(/usr/local/texlive/2012/texmf-dist/tex/latex/amsmath/amsmath.sty
Package: amsmath 2000/07/18 v2.13 AMS math features
\@mathmargin=\skip42

For additional information on amsmath, use the `?' option.
(/usr/local/texlive/2012/texmf-dist/tex/latex/amsmath/amstext.sty
Package: amstext 2000/06/29 v2.01

(/usr/local/texlive/2012/texmf-dist/tex/latex/amsmath/amsgen.sty
File: amsgen.sty 1999/11/30 v2.0
\@emptytoks=\toks14
\ex@=\dimen104
))
(/usr/local/texlive/2012/texmf-dist/tex/latex/amsmath/amsbsy.sty
Package: amsbsy 1999/11/29 v1.2d
\pmbraise@=\dimen105
)
(/usr/local/texlive/2012/texmf-dist/tex/latex/amsmath/amsopn.sty
Package: amsopn 1999/12/14 v2.01 operator names
)
\inf@bad=\count79
LaTeX Info: Redefining \frac on input line 211.
\uproot@=\count80
\leftroot@=\count81
LaTeX Info: Redefining \overline on input line 307.
\classnum@=\count82
\DOTSCASE@=\count83
LaTeX Info: Redefining \ldots on input line 379.
LaTeX Info: Redefining \dots on input line 382.
LaTeX Info: Redefining \cdots on input line 467.
\Mathstrutbox@=\box26
\strutbox@=\box27
\big@size=\dimen106
LaTeX Font Info:    Redeclaring font encoding OML on input line 567.
LaTeX Font Info:    Redeclaring font encoding OMS on input line 568.
\macc@depth=\count84
\c@MaxMatrixCols=\count85
\dotsspace@=\muskip10
\c@parentequation=\count86
\dspbrk@lvl=\count87
\tag@help=\toks15
\row@=\count88
\column@=\count89
\maxfields@=\count90
\andhelp@=\toks16
\eqnshift@=\dimen107
\alignsep@=\dimen108
\tagshift@=\dimen109
\tagwidth@=\dimen110
\totwidth@=\dimen111
\lineht@=\dimen112
\@envbody=\toks17
\multlinegap=\skip43
\multlinetaggap=\skip44
\mathdisplay@stack=\toks18
LaTeX Info: Redefining \[ on input line 2666.
LaTeX Info: Redefining \] on input line 2667.
)
LaTeX Font Info:    Try loading font information for U+msa on input line 388.

(/usr/local/texlive/2012/texmf-dist/tex/latex/amsfonts/umsa.fd
File: umsa.fd 2009/06/22 v3.00 AMS symbols A
)
(/usr/local/texlive/2012/texmf-dist/tex/latex/amsfonts/amsfonts.sty
Package: amsfonts 2009/06/22 v3.00 Basic AMSFonts support
\symAMSa=\mathgroup4
\symAMSb=\mathgroup5
LaTeX Font Info:    Overwriting math alphabet `\mathfrak' in version `bold'
(Font)                  U/euf/m/n --> U/euf/b/n on input line 96.
)
\copyins=\insert233
\abstractbox=\box28
\listisep=\skip45
\c@part=\count91
\c@section=\count92
\c@subsection=\count93
\c@subsubsection=\count94
\c@paragraph=\count95
\c@subparagraph=\count96
\c@figure=\count97
\c@table=\count98
\abovecaptionskip=\skip46
\belowcaptionskip=\skip47
\captionindent=\dimen113
\thm@style=\toks19
\thm@bodyfont=\toks20
\thm@headfont=\toks21
\thm@notefont=\toks22
\thm@headpunct=\toks23
\thm@preskip=\skip48
\thm@postskip=\skip49
\thm@headsep=\skip50
\dth@everypar=\toks24
)
(/usr/local/texlive/2012/texmf-dist/tex/latex/geometry/geometry.sty
Package: geometry 2010/09/12 v5.6 Page Geometry

(/usr/local/texlive/2012/texmf-dist/tex/latex/graphics/keyval.sty
Package: keyval 1999/03/16 v1.13 key=value parser (DPC)
\KV@toks@=\toks25
)
(/usr/local/texlive/2012/texmf-dist/tex/generic/oberdiek/ifpdf.sty
Package: ifpdf 2011/01/30 v2.3 Provides the ifpdf switch (HO)
Package ifpdf Info: pdfTeX in PDF mode is detected.
)
(/usr/local/texlive/2012/texmf-dist/tex/generic/oberdiek/ifvtex.sty
Package: ifvtex 2010/03/01 v1.5 Detect VTeX and its facilities (HO)
Package ifvtex Info: VTeX not detected.
)
(/usr/local/texlive/2012/texmf-dist/tex/generic/ifxetex/ifxetex.sty
Package: ifxetex 2010/09/12 v0.6 Provides ifxetex conditional
)
\Gm@cnth=\count99
\Gm@cntv=\count100
\c@Gm@tempcnt=\count101
\Gm@bindingoffset=\dimen114
\Gm@wd@mp=\dimen115
\Gm@odd@mp=\dimen116
\Gm@even@mp=\dimen117
\Gm@layoutwidth=\dimen118
\Gm@layoutheight=\dimen119
\Gm@layouthoffset=\dimen120
\Gm@layoutvoffset=\dimen121
\Gm@dimlist=\toks26
)
(/usr/local/texlive/2012/texmf-dist/tex/latex/parskip/parskip.sty
Package: parskip 2001/04/09 non-zero parskip adjustments


LaTeX Warning: Command \@starttoc  has changed.
               Check if current package is valid.

) (/usr/local/texlive/2012/texmf-dist/tex/latex/graphics/graphicx.sty
Package: graphicx 1999/02/16 v1.0f Enhanced LaTeX Graphics (DPC,SPQR)

(/usr/local/texlive/2012/texmf-dist/tex/latex/graphics/graphics.sty
Package: graphics 2009/02/05 v1.0o Standard LaTeX Graphics (DPC,SPQR)

(/usr/local/texlive/2012/texmf-dist/tex/latex/graphics/trig.sty
Package: trig 1999/03/16 v1.09 sin cos tan (DPC)
)
(/usr/local/texlive/2012/texmf-dist/tex/latex/latexconfig/graphics.cfg
File: graphics.cfg 2010/04/23 v1.9 graphics configuration of TeX Live
)
Package graphics Info: Driver file: pdftex.def on input line 91.

(/usr/local/texlive/2012/texmf-dist/tex/latex/pdftex-def/pdftex.def
File: pdftex.def 2011/05/27 v0.06d Graphics/color for pdfTeX

(/usr/local/texlive/2012/texmf-dist/tex/generic/oberdiek/infwarerr.sty
Package: infwarerr 2010/04/08 v1.3 Providing info/warning/error messages (HO)
)
(/usr/local/texlive/2012/texmf-dist/tex/generic/oberdiek/ltxcmds.sty
Package: ltxcmds 2011/11/09 v1.22 LaTeX kernel commands for general use (HO)
)
\Gread@gobject=\count102
))
\Gin@req@height=\dimen122
\Gin@req@width=\dimen123
)
(/usr/local/texlive/2012/texmf-dist/tex/latex/amsfonts/amssymb.sty
Package: amssymb 2009/06/22 v3.00
)
(/usr/local/texlive/2012/texmf-dist/tex/latex/oberdiek/epstopdf.sty
Package: epstopdf 2010/02/09 v2.5 Conversion with epstopdf on the fly (HO)

(/usr/local/texlive/2012/texmf-dist/tex/latex/oberdiek/epstopdf-base.sty
Package: epstopdf-base 2010/02/09 v2.5 Base part for package epstopdf

(/usr/local/texlive/2012/texmf-dist/tex/latex/oberdiek/grfext.sty
Package: grfext 2010/08/19 v1.1 Manage graphics extensions (HO)

(/usr/local/texlive/2012/texmf-dist/tex/generic/oberdiek/kvdefinekeys.sty
Package: kvdefinekeys 2011/04/07 v1.3 Define keys (HO)
))
(/usr/local/texlive/2012/texmf-dist/tex/latex/oberdiek/kvoptions.sty
Package: kvoptions 2011/06/30 v3.11 Key value format for package options (HO)

(/usr/local/texlive/2012/texmf-dist/tex/generic/oberdiek/kvsetkeys.sty
Package: kvsetkeys 2012/04/25 v1.16 Key value parser (HO)

(/usr/local/texlive/2012/texmf-dist/tex/generic/oberdiek/etexcmds.sty
Package: etexcmds 2011/02/16 v1.5 Avoid name clashes with e-TeX commands (HO)

(/usr/local/texlive/2012/texmf-dist/tex/generic/oberdiek/ifluatex.sty
Package: ifluatex 2010/03/01 v1.3 Provides the ifluatex switch (HO)
Package ifluatex Info: LuaTeX not detected.
)
Package etexcmds Info: Could not find \expanded.
(etexcmds)             That can mean that you are not using pdfTeX 1.50 or
(etexcmds)             that some package has redefined \expanded.
(etexcmds)             In the latter case, load this package earlier.
)))
(/usr/local/texlive/2012/texmf-dist/tex/generic/oberdiek/pdftexcmds.sty
Package: pdftexcmds 2011/11/29 v0.20 Utility functions of pdfTeX for LuaTeX (HO
)
Package pdftexcmds Info: LuaTeX not detected.
Package pdftexcmds Info: \pdf@primitive is available.
Package pdftexcmds Info: \pdf@ifprimitive is available.
Package pdftexcmds Info: \pdfdraftmode found.
)
Package grfext Info: Graphics extension search list:
(grfext)             [.png,.pdf,.jpg,.mps,.jpeg,.jbig2,.jb2,.PNG,.PDF,.JPG,.JPE
G,.JBIG2,.JB2,.eps]
(grfext)             \AppendGraphicsExtensions on input line 452.

(/usr/local/texlive/2012/texmf-dist/tex/latex/latexconfig/epstopdf-sys.cfg
File: epstopdf-sys.cfg 2010/07/13 v1.3 Configuration of (r)epstopdf for TeX Liv
e
)))
(/usr/local/texlive/2012/texmf-dist/tex/latex/subfigure/subfigure.sty
Package: subfigure 2002/03/15 v2.1.5 subfigure package
\subfigtopskip=\skip51
\subfigcapskip=\skip52
\subfigcaptopadj=\dimen124
\subfigbottomskip=\skip53
\subfigcapmargin=\dimen125
\subfiglabelskip=\skip54
\c@subfigure=\count103
\c@lofdepth=\count104
\c@subtable=\count105
\c@lotdepth=\count106

****************************************
* Local config file subfigure.cfg used *
****************************************
(/usr/local/texlive/2012/texmf-dist/tex/latex/subfigure/subfigure.cfg)
\subfig@top=\skip55
\subfig@bottom=\skip56
)
(./report.aux

LaTeX Warning: Label `fig:wl' multiply defined.


LaTeX Warning: Label `fig:pidfb' multiply defined.


LaTeX Warning: Label `fig:pidfb' multiply defined.


LaTeX Warning: Label `fig:pidfb' multiply defined.


LaTeX Warning: Label `fig:pidfb' multiply defined.


LaTeX Warning: Label `fig:pidfb' multiply defined.


LaTeX Warning: Label `fig:pidfb' multiply defined.


LaTeX Warning: Label `fig:pidfb' multiply defined.


LaTeX Warning: Label `fig:pidfb' multiply defined.


LaTeX Warning: Label `fig:cc' multiply defined.


LaTeX Warning: Label `fig:cc' multiply defined.


LaTeX Warning: Label `fig:cc' multiply defined.


LaTeX Warning: Label `fig:cc' multiply defined.


LaTeX Warning: Label `fig:cc' multiply defined.

)
\openout1 = `report.aux'.

LaTeX Font Info:    Checking defaults for OML/cmm/m/it on input line 16.
LaTeX Font Info:    ... okay on input line 16.
LaTeX Font Info:    Checking defaults for T1/cmr/m/n on input line 16.
LaTeX Font Info:    ... okay on input line 16.
LaTeX Font Info:    Checking defaults for OT1/cmr/m/n on input line 16.
LaTeX Font Info:    ... okay on input line 16.
LaTeX Font Info:    Checking defaults for OMS/cmsy/m/n on input line 16.
LaTeX Font Info:    ... okay on input line 16.
LaTeX Font Info:    Checking defaults for OMX/cmex/m/n on input line 16.
LaTeX Font Info:    ... okay on input line 16.
LaTeX Font Info:    Checking defaults for U/cmr/m/n on input line 16.
LaTeX Font Info:    ... okay on input line 16.
LaTeX Font Info:    Try loading font information for U+msa on input line 16.
 (/usr/local/texlive/2012/texmf-dist/tex/latex/amsfonts/umsa.fd
File: umsa.fd 2009/06/22 v3.00 AMS symbols A
)
LaTeX Font Info:    Try loading font information for U+msb on input line 16.

(/usr/local/texlive/2012/texmf-dist/tex/latex/amsfonts/umsb.fd
File: umsb.fd 2009/06/22 v3.00 AMS symbols B
)
*geometry* driver: auto-detecting
*geometry* detected driver: pdftex
*geometry* verbose mode - [ preamble ] result:
* driver: pdftex
* paper: letterpaper
* layout: <same size as paper>
* layoutoffset:(h,v)=(0.0pt,0.0pt)
* modes: twoside 
* h-part:(L,W,R)=(73.71613pt, 430.00462pt, 110.57425pt)
* v-part:(T,H,B)=(95.39737pt, 556.47656pt, 143.09605pt)
* \paperwidth=614.295pt
* \paperheight=794.96999pt
* \textwidth=430.00462pt
* \textheight=556.47656pt
* \oddsidemargin=0.0pt
* \evensidemargin=0.0pt
* \topmargin=1.12738pt
* \headheight=8.0pt
* \headsep=14.0pt
* \topskip=10.0pt
* \footskip=12.0pt
* \marginparwidth=90.0pt
* \marginparsep=11.0pt
* \columnsep=10.0pt
* \skip\footins=7.0pt plus 11.0pt
* \hoffset=0.0pt
* \voffset=0.0pt
* \mag=1000
* \@twocolumnfalse
* \@twosidetrue
* \@mparswitchtrue
* \@reversemarginfalse
* (1in=72.27pt=25.4mm, 1cm=28.453pt)

(/usr/local/texlive/2012/texmf-dist/tex/context/base/supp-pdf.mkii
[Loading MPS to PDF converter (version 2006.09.02).]
\scratchcounter=\count107
\scratchdimen=\dimen126
\scratchbox=\box29
\nofMPsegments=\count108
\nofMParguments=\count109
\everyMPshowfont=\toks27
\MPscratchCnt=\count110
\MPscratchDim=\dimen127
\MPnumerator=\count111
\makeMPintoPDFobject=\count112
\everyMPtoPDFconversion=\toks28
) <Media/lay_final.png, id=1, 680.5425pt x 536.0025pt>
File: Media/lay_final.png Graphic file (type png)

<use Media/lay_final.png>
Package pdftex.def Info: Media/lay_final.png used on input line 33.
(pdftex.def)             Requested size: 289.07999pt x 227.67946pt.
 [1{/usr/local/texlive/2012/texmf-var/fonts/map/pdftex/updmap/pdftex.map} <./Me
dia/lay_final.png>]
<Media/ldos.png, id=12, 1039.885pt x 399.4925pt>
File: Media/ldos.png Graphic file (type png)
 <use Media/ldos.png>
Package pdftex.def Info: Media/ldos.png used on input line 45.
(pdftex.def)             Requested size: 433.62pt x 166.58484pt.

Overfull \hbox (3.61537pt too wide) in paragraph at lines 45--46
 [] 
 []

<Media/black.png, id=13, 936.49875pt x 309.155pt>
File: Media/black.png Graphic file (type png)
 <use Media/black.png>
Package pdftex.def Info: Media/black.png used on input line 55.
(pdftex.def)             Requested size: 433.62pt x 143.14705pt.

Overfull \hbox (3.61537pt too wide) in paragraph at lines 55--56
 [] 
 []

<Media/specs.png, id=14, 998.73125pt x 700.6175pt>
File: Media/specs.png Graphic file (type png)
 <use Media/specs.png>
Package pdftex.def Info: Media/specs.png used on input line 65.
(pdftex.def)             Requested size: 433.62pt x 304.18886pt.

Overfull \hbox (3.61537pt too wide) in paragraph at lines 65--66
 [] 
 []


LaTeX Warning: `h' float specifier changed to `ht'.

[2 <./Media/ldos.png> <./Media/black.png>]
<Media/WL.png, id=18, 504.88625pt x 768.8725pt>
File: Media/WL.png Graphic file (type png)
 <use Media/WL.png>
Package pdftex.def Info: Media/WL.png used on input line 89.
(pdftex.def)             Requested size: 289.07999pt x 440.23286pt.
 [3 <./Media/specs.png>]
Underfull \hbox (badness 10000) in paragraph at lines 98--99

 []

[4 <./Media/WL.png>] <Media/PID.png, id=27, 1038.88126pt x 359.3425pt>
File: Media/PID.png Graphic file (type png)

<use Media/PID.png>
Package pdftex.def Info: Media/PID.png used on input line 102.
(pdftex.def)             Requested size: 208.92976pt x 72.26999pt.
 <Media/PID_sc.png, id=28, 1004.75375pt x 546.04pt>
File: Media/PID_sc.png Graphic file (type png)

<use Media/PID_sc.png>
Package pdftex.def Info: Media/PID_sc.png used on input line 110.
(pdftex.def)             Requested size: 226.05984pt x 122.85876pt.
 <Media/pidfb.png, id=29, 1011.78pt x 553.06625pt>
File: Media/pidfb.png Graphic file (type png)

<use Media/pidfb.png>
Package pdftex.def Info: Media/pidfb.png used on input line 118.
(pdftex.def)             Requested size: 216.81pt x 118.51028pt.
 [5 <./Media/PID.png> <./Media/PID_sc.png> <./Media/pidfb.png>]
Underfull \hbox (badness 10000) in paragraph at lines 126--127

 []

<Media/cleanfinal.png, id=33, 844.15375pt x 443.6575pt>
File: Media/cleanfinal.png Graphic file (type png)

<use Media/cleanfinal.png>
Package pdftex.def Info: Media/cleanfinal.png used on input line 132.
(pdftex.def)             Requested size: 505.89pt x 265.88513pt.

Overfull \hbox (75.88538pt too wide) in paragraph at lines 132--133
 [] 
 []

[6 <./Media/cleanfinal.png>]
<Media/design.png, id=37, 1641.13126pt x 807.015pt>
File: Media/design.png Graphic file (type png)
 <use Media/design.png>
Package pdftex.def Info: Media/design.png used on input line 145.
(pdftex.def)             Requested size: 433.62pt x 213.21762pt.

<Media/diff.png, id=38, 504.88625pt x 498.86375pt>
File: Media/diff.png Graphic file (type png)
 <use Media/diff.png>
Package pdftex.def Info: Media/diff.png used on input line 150.
(pdftex.def)             Requested size: 216.81pt x 214.22559pt.


LaTeX Warning: `h' float specifier changed to `ht'.

<Media/driver.png, id=39, 487.8225pt x 485.815pt>
File: Media/driver.png Graphic file (type png)
 <use Media/driver.png>
Package pdftex.def Info: Media/driver.png used on input line 158.
(pdftex.def)             Requested size: 216.81pt x 215.91641pt.


LaTeX Warning: `h' float specifier changed to `ht'.

[7 <./Media/design.png>] <Media/ss1.png, id=44, 418.56375pt x 436.63126pt>
File: Media/ss1.png Graphic file (type png)

<use Media/ss1.png>
Package pdftex.def Info: Media/ss1.png used on input line 173.
(pdftex.def)             Requested size: 216.81pt x 226.16345pt.


LaTeX Warning: `h' float specifier changed to `ht'.

<Media/ss2.png, id=45, 452.69125pt x 435.6275pt>
File: Media/ss2.png Graphic file (type png)
 <use Media/ss2.png>
Package pdftex.def Info: Media/ss2.png used on input line 181.
(pdftex.def)             Requested size: 216.81pt x 208.63351pt.


LaTeX Warning: `h' float specifier changed to `ht'.

<Media/lg.png, id=46, 730.73pt x 434.62375pt>
File: Media/lg.png Graphic file (type png)
 <use Media/lg.png>
Package pdftex.def Info: Media/lg.png used on input line 191.
(pdftex.def)             Requested size: 433.62pt x 257.91132pt.

Overfull \hbox (3.61537pt too wide) in paragraph at lines 191--192
 [] 
 []


Underfull \vbox (badness 1910) has occurred while \output is active []

 [8 <./Media/diff.png> <./Media/driver.png>]

LaTeX Warning: `h' float specifier changed to `ht'.


Underfull \hbox (badness 10000) in paragraph at lines 197--198

 []

[9 <./Media/ss1.png> <./Media/ss2.png>]
Underfull \hbox (badness 10000) in paragraph at lines 202--203

 []


Underfull \hbox (badness 10000) in paragraph at lines 205--206

 []

[10 <./Media/lg.png>] <Media/sin.png, id=57, 523.9575pt x 432.61626pt>
File: Media/sin.png Graphic file (type png)

<use Media/sin.png>
Package pdftex.def Info: Media/sin.png used on input line 215.
(pdftex.def)             Requested size: 252.94499pt x 208.84825pt.
 <Media/pwr.png, id=58, 702.625pt x 434.62375pt>
File: Media/pwr.png Graphic file (type png)

<use Media/pwr.png>
Package pdftex.def Info: Media/pwr.png used on input line 225.
(pdftex.def)             Requested size: 325.215pt x 201.17613pt.
 [11 <./Media/sin.png> <./Media/pwr.png>]
<Media/pos.png, id=62, 927.465pt x 691.58376pt>
File: Media/pos.png Graphic file (type png)
 <use Media/pos.png>
Package pdftex.def Info: Media/pos.png used on input line 240.
(pdftex.def)             Requested size: 289.07999pt x 215.56009pt.

<Media/neg.png, id=63, 907.39pt x 691.58376pt>
File: Media/neg.png Graphic file (type png)
 <use Media/neg.png>
Package pdftex.def Info: Media/neg.png used on input line 244.
(pdftex.def)             Requested size: 289.07999pt x 220.32991pt.

<Media/thermsw.png, id=64, 605.26125pt x 434.62375pt>
File: Media/thermsw.png Graphic file (type png)
 <use Media/thermsw.png>
Package pdftex.def Info: Media/thermsw.png used on input line 251.
(pdftex.def)             Requested size: 252.94499pt x 181.63216pt.

Underfull \vbox (badness 4193) has occurred while \output is active []

 [12 <./Media/pos.png> <./Media/neg.png>] <Media/opamp.png, id=68, 997.7275pt x
 417.56pt>
File: Media/opamp.png Graphic file (type png)

<use Media/opamp.png>
Package pdftex.def Info: Media/opamp.png used on input line 262.
(pdftex.def)             Requested size: 505.89pt x 211.7167pt.

Overfull \hbox (75.88538pt too wide) in paragraph at lines 262--263
 [] 
 []

<Media/ccplan.png, id=69, 999.735pt x 545.03625pt>
File: Media/ccplan.png Graphic file (type png)
 <use Media/ccplan.png>
Package pdftex.def Info: Media/ccplan.png used on input line 269.
(pdftex.def)             Requested size: 289.07999pt x 157.59904pt.

[13 <./Media/thermsw.png> <./Media/opamp.png>]
<Media/res.png, id=74, 653.44125pt x 776.9025pt>
File: Media/res.png Graphic file (type png)
 <use Media/res.png>
Package pdftex.def Info: Media/res.png used on input line 277.
(pdftex.def)             Requested size: 289.07999pt x 343.69931pt.

<Media/lay_mos.png, id=75, 616.3025pt x 692.5875pt>
File: Media/lay_mos.png Graphic file (type png)
 <use Media/lay_mos.png>
Package pdftex.def Info: Media/lay_mos.png used on input line 285.
(pdftex.def)             Requested size: 289.07999pt x 324.87152pt.

<Media/schem.png, id=76, 775.89874pt x 244.915pt>
File: Media/schem.png Graphic file (type png)
 <use Media/schem.png>
Package pdftex.def Info: Media/schem.png used on input line 293.
(pdftex.def)             Requested size: 361.34999pt x 114.06366pt.
File: Media/lay_final.png Graphic file (type png)

<use Media/lay_final.png>
Package pdftex.def Info: Media/lay_final.png used on input line 301.
(pdftex.def)             Requested size: 578.15999pt x 455.39163pt.

Overfull \hbox (25.38701pt too wide) in paragraph at lines 301--302
 [] 
 []


LaTeX Warning: Float too large for page by 48.62787pt on input line 305.

<Media/checks.png, id=77, 979.66pt x 686.565pt>
File: Media/checks.png Graphic file (type png)
 <use Media/checks.png>
Package pdftex.def Info: Media/checks.png used on input line 309.
(pdftex.def)             Requested size: 433.62pt x 303.88095pt.

Overfull \hbox (3.61537pt too wide) in paragraph at lines 309--310
 [] 
 []

<Media/area.png, id=78, 509.905pt x 367.3725pt>
File: Media/area.png Graphic file (type png)
 <use Media/area.png>
Package pdftex.def Info: Media/area.png used on input line 317.
(pdftex.def)             Requested size: 252.94499pt x 182.23953pt.
 [14 <./Media/ccplan.png> <./Media/res.png>] [15 <./Media/lay_mos.png> <./Media
/schem.png>] [16] [17 <./Media/checks.png> <./Media/area.png>] (./report.aux)

LaTeX Warning: There were multiply-defined labels.

 ) 
Here is how much of TeX's memory you used:
 3618 strings out of 493488
 48234 string characters out of 3141326
 108900 words of memory out of 3000000
 6696 multiletter control sequences out of 15000+200000
 9048 words of font info for 36 fonts, out of 3000000 for 9000
 1118 hyphenation exceptions out of 8191
 42i,7n,31p,585b,233s stack positions out of 5000i,500n,10000p,200000b,50000s
</usr/local/texlive/2012/texmf-dist/fonts/type1/public/amsfonts/cm/cmbx10.pfb
></usr/local/texlive/2012/texmf-dist/fonts/type1/public/amsfonts/cm/cmcsc10.pfb
></usr/local/texlive/2012/texmf-dist/fonts/type1/public/amsfonts/cm/cmmi10.pfb>
</usr/local/texlive/2012/texmf-dist/fonts/type1/public/amsfonts/cm/cmmi7.pfb></
usr/local/texlive/2012/texmf-dist/fonts/type1/public/amsfonts/cm/cmr10.pfb></us
r/local/texlive/2012/texmf-dist/fonts/type1/public/amsfonts/cm/cmr7.pfb></usr/l
ocal/texlive/2012/texmf-dist/fonts/type1/public/amsfonts/cm/cmr8.pfb></usr/loca
l/texlive/2012/texmf-dist/fonts/type1/public/amsfonts/cm/cmsy10.pfb>
Output written on report.pdf (17 pages, 1145180 bytes).
PDF statistics:
 118 PDF objects out of 1000 (max. 8388607)
 63 compressed objects within 1 object stream
 0 named destinations out of 1000 (max. 500000)
 136 words of extra memory for PDF output out of 10000 (max. 10000000)

